2025-05-12 23:20:33,821 [INFO] Activator:176 - 


2025-05-12 23:20:33,828 [INFO] Activator:177 - !SESSION log4j initialized
2025-05-12 23:20:49,682 [INFO] LogOutputStream:77 - [STDOUT_REDIRECT] 
2025-05-12 23:20:54,356 [INFO] ApplicationProperties:184 - Using Application install path: C:\ST\STM32CubeIDE_1.13.1\STM32CubeIDE\plugins\com.st.stm32cube.common.mx_6.14.0.202502271554
2025-05-12 23:20:54,395 [INFO] DbMcusXml:78 - Set database path to: C:\ST\STM32CubeIDE_1.13.1\STM32CubeIDE\plugins\com.st.stm32cube.common.mx_6.14.0.202502271554\\db\/mcu/
2025-05-12 23:20:54,395 [INFO] ApiDb:274 - Set plugin database path to: C:\ST\STM32CubeIDE_1.13.1\STM32CubeIDE\plugins\com.st.stm32cube.common.mx_6.14.0.202502271554\\db\/plugins/boardmanager/
2025-05-12 23:20:54,397 [WARN] ApiDb:259 - Overriding images path with different value:  => C:\ST\STM32CubeIDE_1.13.1\STM32CubeIDE\plugins\com.st.stm32cube.common.mx_6.14.0.202502271554\\db\/plugins/mcufinder/images/
2025-05-12 23:20:54,416 [INFO] ApiDb:250 - Set database path to: C:\Users\danie\.stmcufinder\plugins\mcufinder//mcu/
2025-05-12 23:20:54,417 [INFO] DbMcusAds:125 - Set database path to: C:\Users\danie\.stmcufinder\plugins\mcufinder//mcu/
2025-05-12 23:20:54,422 [INFO] CrossReferenceDbSqlite:203 - Set database path to: C:\Users\danie\.stmcufinder\plugins\mcufinder//mcu/cs/
2025-05-12 23:20:54,771 [INFO] RulesReader:64 - Compatibility file has been processed (301 Rules)
2025-05-12 23:20:54,951 [INFO] DbMcusXml:78 - Set database path to: C:\ST\STM32CubeIDE_1.13.1\STM32CubeIDE\plugins\com.st.stm32cube.common.mx_6.14.0.202502271554\\db\/mcu/
2025-05-12 23:20:54,951 [INFO] ApiDb:274 - Set plugin database path to: C:\ST\STM32CubeIDE_1.13.1\STM32CubeIDE\plugins\com.st.stm32cube.common.mx_6.14.0.202502271554\\db\/plugins/boardmanager/
2025-05-12 23:20:54,951 [INFO] ApiDb:261 - Set plugin images path to: C:\ST\STM32CubeIDE_1.13.1\STM32CubeIDE\plugins\com.st.stm32cube.common.mx_6.14.0.202502271554\\db\/plugins/mcufinder/images/
2025-05-12 23:20:54,951 [WARN] DbFile:41 - Overriding database path with different value: C:\Users\danie\.stmcufinder\plugins\mcufinder/ => C:\Users\danie\.stmcufinder\plugins\mcufinder
2025-05-12 23:20:54,953 [INFO] ApiDb:250 - Set database path to: C:\Users\danie\.stmcufinder\plugins\mcufinder//mcu/
2025-05-12 23:20:54,953 [WARN] DbFile:41 - Overriding database path with different value: C:\Users\danie\.stmcufinder\plugins\mcufinder/ => C:\Users\danie\.stmcufinder\plugins\mcufinder
2025-05-12 23:20:54,953 [INFO] DbMcusAds:125 - Set database path to: C:\Users\danie\.stmcufinder\plugins\mcufinder//mcu/
2025-05-12 23:20:54,953 [WARN] DbFile:41 - Overriding database path with different value: C:\Users\danie\.stmcufinder\plugins\mcufinder/ => C:\Users\danie\.stmcufinder\plugins\mcufinder
2025-05-12 23:20:54,953 [WARN] DbFile:41 - Overriding database path with different value: C:\Users\danie\.stmcufinder\plugins\mcufinder/ => C:\Users\danie\.stmcufinder\plugins\mcufinder
2025-05-12 23:20:54,953 [INFO] CrossReferenceDbSqlite:203 - Set database path to: C:\Users\danie\.stmcufinder\plugins\mcufinder//mcu/cs/
2025-05-12 23:20:55,240 [INFO] MainPanel:272 - HeapMemory: 268435456
2025-05-12 23:20:55,628 [INFO] DbMcusXml:78 - Set database path to: C:\ST\STM32CubeIDE_1.13.1\STM32CubeIDE\plugins\com.st.stm32cube.common.mx_6.14.0.202502271554\\db\/mcu/
2025-05-12 23:20:55,628 [INFO] ApiDb:274 - Set plugin database path to: C:\ST\STM32CubeIDE_1.13.1\STM32CubeIDE\plugins\com.st.stm32cube.common.mx_6.14.0.202502271554\\db\/plugins/boardmanager/
2025-05-12 23:20:55,628 [INFO] ApiDb:261 - Set plugin images path to: C:\ST\STM32CubeIDE_1.13.1\STM32CubeIDE\plugins\com.st.stm32cube.common.mx_6.14.0.202502271554\\db\/plugins/mcufinder/images/
2025-05-12 23:20:55,629 [WARN] DbFile:41 - Overriding database path with different value: C:\Users\danie\.stmcufinder\plugins\mcufinder/ => C:\Users\danie\.stmcufinder\plugins\mcufinder
2025-05-12 23:20:55,629 [INFO] ApiDb:250 - Set database path to: C:\Users\danie\.stmcufinder\plugins\mcufinder//mcu/
2025-05-12 23:20:55,629 [WARN] DbFile:41 - Overriding database path with different value: C:\Users\danie\.stmcufinder\plugins\mcufinder/ => C:\Users\danie\.stmcufinder\plugins\mcufinder
2025-05-12 23:20:55,629 [INFO] DbMcusAds:125 - Set database path to: C:\Users\danie\.stmcufinder\plugins\mcufinder//mcu/
2025-05-12 23:20:55,629 [WARN] DbFile:41 - Overriding database path with different value: C:\Users\danie\.stmcufinder\plugins\mcufinder/ => C:\Users\danie\.stmcufinder\plugins\mcufinder
2025-05-12 23:20:55,630 [WARN] DbFile:41 - Overriding database path with different value: C:\Users\danie\.stmcufinder\plugins\mcufinder/ => C:\Users\danie\.stmcufinder\plugins\mcufinder
2025-05-12 23:20:55,630 [INFO] CrossReferenceDbSqlite:203 - Set database path to: C:\Users\danie\.stmcufinder\plugins\mcufinder//mcu/cs/
2025-05-12 23:20:55,695 [INFO] ApplicationProperties:184 - Using Application install path: C:\ST\STM32CubeIDE_1.13.1\STM32CubeIDE\plugins\com.st.stm32cube.common.mx_6.14.0.202502271554
2025-05-12 23:20:55,699 [INFO] PluginManage:196 - Search for loadable plugins [exclusion list=, ]
2025-05-12 23:20:55,705 [INFO] PluginManage:310 - Check plugin analytics
2025-05-12 23:20:56,308 [INFO] AnalyticsPlugin:253 - Accepted Software Licenses: 
2025-05-12 23:20:56,309 [INFO] AnalyticsPlugin:255 - Accepted CMSIS Pack Licenses: 
2025-05-12 23:20:56,309 [INFO] AnalyticsPlugin:257 - Accepted Firmware Licenses: FW.L4.1.18.0
2025-05-12 23:20:56,314 [INFO] PluginManage:359 - Loaded plugin analytics (category:tool,tabindex:-1)
2025-05-12 23:20:56,315 [INFO] PluginManage:310 - Check plugin cadmodel
2025-05-12 23:20:56,357 [INFO] CADModel:105 - Init CAD model plugin
2025-05-12 23:20:56,358 [INFO] PluginManage:359 - Loaded plugin cadmodel (category:power,tabindex:5)
2025-05-12 23:20:56,358 [INFO] PluginManage:310 - Check plugin clock
2025-05-12 23:20:56,411 [INFO] PluginManage:359 - Loaded plugin clock (category:base,tabindex:2)
2025-05-12 23:20:56,411 [INFO] PluginManage:310 - Check plugin ddr
2025-05-12 23:20:56,417 [INFO] PluginManage:359 - Loaded plugin ddr (category:tool,tabindex:6)
2025-05-12 23:20:56,418 [INFO] PluginManage:310 - Check plugin filemanager
2025-05-12 23:20:56,825 [INFO] PluginManage:359 - Loaded plugin filemanager (category:base,tabindex:10)
2025-05-12 23:20:56,825 [INFO] PluginManage:310 - Check plugin ipmanager
2025-05-12 23:20:56,844 [INFO] PluginManage:359 - Loaded plugin ipmanager (category:base,tabindex:5)
2025-05-12 23:20:56,844 [INFO] PluginManage:310 - Check plugin lpbam
2025-05-12 23:20:56,904 [INFO] PluginManage:359 - Loaded plugin lpbam (category:base,tabindex:0)
2025-05-12 23:20:56,904 [INFO] PluginManage:310 - Check plugin memorymap
2025-05-12 23:20:56,974 [INFO] PluginManage:359 - Loaded plugin memorymap (category:base,tabindex:4)
2025-05-12 23:20:56,975 [INFO] PluginManage:310 - Check plugin pinoutandconfiguration
2025-05-12 23:20:57,021 [INFO] PluginManage:359 - Loaded plugin pinoutandconfiguration (category:base,tabindex:1)
2025-05-12 23:20:57,021 [INFO] PluginManage:310 - Check plugin pinoutconfig
2025-05-12 23:20:57,264 [WARN] SupportedApi:132 - Cannot load RTOS API schema: s4s-elt-must-match.1: The content of 'definitions' must match (annotation?, (simpleType | complexType)?, (unique | key | keyref)*)). A problem was found starting at: attribute.
2025-05-12 23:20:57,636 [INFO] PluginManage:359 - Loaded plugin pinoutconfig (category:base,tabindex:0)
2025-05-12 23:20:57,636 [INFO] PluginManage:310 - Check plugin power
2025-05-12 23:20:57,693 [INFO] PluginManage:359 - Loaded plugin power (category:power,tabindex:4)
2025-05-12 23:20:57,694 [INFO] PluginManage:310 - Check plugin projectmanager
2025-05-12 23:20:57,747 [INFO] PluginManage:359 - Loaded plugin projectmanager (category:projectmanager,tabindex:4)
2025-05-12 23:20:57,747 [INFO] PluginManage:310 - Check plugin rif
2025-05-12 23:20:57,805 [INFO] PluginManage:359 - Loaded plugin rif (category:base,tabindex:3)
2025-05-12 23:20:57,806 [INFO] PluginManage:310 - Check plugin thirdparty
2025-05-12 23:20:58,850 [INFO] PluginManage:359 - Loaded plugin thirdparty (category:base,tabindex:-1)
2025-05-12 23:20:58,850 [WARN] IntegrityCheckThread:84 - waiting for thirdparty lock release [integrity check]
2025-05-12 23:20:58,851 [INFO] PluginManage:310 - Check plugin tools
2025-05-12 23:20:58,851 [INFO] IntegrityCheckThread:86 - entering critical section [integrity check]
2025-05-12 23:20:58,852 [INFO] ThirdPartyUpdaterWithRetryManager:70 - Updater plugin not ready yet. [1/15]
2025-05-12 23:20:59,159 [INFO] PluginManage:359 - Loaded plugin tools (category:base,tabindex:7)
2025-05-12 23:20:59,160 [INFO] PluginManage:310 - Check plugin tutovideos
2025-05-12 23:20:59,932 [INFO] PluginManage:359 - Loaded plugin tutovideos (category:base,tabindex:-1)
2025-05-12 23:20:59,933 [INFO] PluginManage:310 - Check plugin updater
2025-05-12 23:21:00,020 [INFO] PluginManage:359 - Loaded plugin updater (category:base,tabindex:12)
2025-05-12 23:21:00,020 [INFO] PluginManage:310 - Check plugin userauth
2025-05-12 23:21:00,034 [INFO] UserAuth:118 - Init User Auth plugin
2025-05-12 23:21:00,035 [INFO] PluginManage:359 - Loaded plugin userauth (category:base,tabindex:14)
2025-05-12 23:21:00,036 [INFO] PluginManage:283 - PluginManage : Loaded plugins [18]
2025-05-12 23:21:01,142 [INFO] PinOutPanel:1589 - setPackage(No Configuration,No Configuration)
2025-05-12 23:21:01,632 [INFO] CADModel:165 - CPN selected for project level
2025-05-12 23:21:01,632 [INFO] CADModel:114 - Register for checkConnection events
2025-05-12 23:21:01,709 [INFO] IPUIPlugin:80 - create IPUIPlugin
2025-05-12 23:21:01,710 [INFO] PluginManager:220 - loadIPPluginJar : add adc
2025-05-12 23:21:01,857 [INFO] ThirdPartyUpdaterWithRetryManager:70 - Updater plugin not ready yet. [2/15]
2025-05-12 23:21:01,858 [INFO] IPUIPlugin:80 - create IPUIPlugin
2025-05-12 23:21:01,859 [INFO] PluginManager:220 - loadIPPluginJar : add aes
2025-05-12 23:21:02,015 [INFO] IPUIPlugin:80 - create IPUIPlugin
2025-05-12 23:21:02,015 [INFO] PluginManager:220 - loadIPPluginJar : add can
2025-05-12 23:21:02,099 [INFO] IPUIPlugin:80 - create IPUIPlugin
2025-05-12 23:21:02,099 [INFO] PluginManager:220 - loadIPPluginJar : add comp
2025-05-12 23:21:02,328 [INFO] IPUIPlugin:80 - create IPUIPlugin
2025-05-12 23:21:02,329 [INFO] PluginManager:220 - loadIPPluginJar : add cryp
2025-05-12 23:21:02,417 [INFO] IPUIPlugin:80 - create IPUIPlugin
2025-05-12 23:21:02,418 [INFO] PluginManager:220 - loadIPPluginJar : add ddr_ctrl_phy
2025-05-12 23:21:02,579 [INFO] IPUIPlugin:80 - create IPUIPlugin
2025-05-12 23:21:02,579 [INFO] PluginManager:220 - loadIPPluginJar : add dfsdm
2025-05-12 23:21:02,682 [INFO] IPUIPlugin:80 - create IPUIPlugin
2025-05-12 23:21:02,684 [INFO] PluginManager:220 - loadIPPluginJar : add dma
2025-05-12 23:21:02,802 [INFO] IPUIPlugin:80 - create IPUIPlugin
2025-05-12 23:21:02,802 [INFO] PluginManager:220 - loadIPPluginJar : add dma3
2025-05-12 23:21:02,963 [INFO] IPUIPlugin:80 - create IPUIPlugin
2025-05-12 23:21:02,965 [INFO] PluginManager:220 - loadIPPluginJar : add extmemmanager
2025-05-12 23:21:03,078 [INFO] IPUIPlugin:80 - create IPUIPlugin
2025-05-12 23:21:03,078 [INFO] PluginManager:220 - loadIPPluginJar : add fatfs
2025-05-12 23:21:03,244 [INFO] IPUIPlugin:80 - create IPUIPlugin
2025-05-12 23:21:03,244 [INFO] PluginManager:220 - loadIPPluginJar : add fmc
2025-05-12 23:21:03,279 [INFO] IPUIPlugin:80 - create IPUIPlugin
2025-05-12 23:21:03,279 [INFO] PluginManager:220 - loadIPPluginJar : add freertos
2025-05-12 23:21:03,340 [INFO] IPUIPlugin:80 - create IPUIPlugin
2025-05-12 23:21:03,340 [INFO] PluginManager:220 - loadIPPluginJar : add genericplugin
2025-05-12 23:21:03,725 [INFO] IPUIPlugin:80 - create IPUIPlugin
2025-05-12 23:21:03,725 [INFO] PluginManager:220 - loadIPPluginJar : add gfxmmu
2025-05-12 23:21:04,147 [INFO] IPUIPlugin:80 - create IPUIPlugin
2025-05-12 23:21:04,147 [INFO] PluginManager:220 - loadIPPluginJar : add gic
2025-05-12 23:21:04,179 [INFO] IPUIPlugin:80 - create IPUIPlugin
2025-05-12 23:21:04,180 [INFO] PluginManager:220 - loadIPPluginJar : add gpio
2025-05-12 23:21:04,568 [INFO] IPUIPlugin:80 - create IPUIPlugin
2025-05-12 23:21:04,568 [INFO] PluginManager:220 - loadIPPluginJar : add gtzc
2025-05-12 23:21:04,663 [INFO] IPUIPlugin:80 - create IPUIPlugin
2025-05-12 23:21:04,663 [INFO] PluginManager:220 - loadIPPluginJar : add hash
2025-05-12 23:21:04,860 [INFO] ThirdPartyUpdaterWithRetryManager:70 - Updater plugin not ready yet. [3/15]
2025-05-12 23:21:04,866 [INFO] IPUIPlugin:80 - create IPUIPlugin
2025-05-12 23:21:04,870 [INFO] PluginManager:220 - loadIPPluginJar : add i2c
2025-05-12 23:21:05,183 [INFO] IPUIPlugin:80 - create IPUIPlugin
2025-05-12 23:21:05,183 [INFO] PluginManager:220 - loadIPPluginJar : add i2s
2025-05-12 23:21:05,335 [INFO] IPUIPlugin:80 - create IPUIPlugin
2025-05-12 23:21:05,340 [INFO] PluginManager:220 - loadIPPluginJar : add i3c
2025-05-12 23:21:05,918 [INFO] IPUIPlugin:80 - create IPUIPlugin
2025-05-12 23:21:05,920 [INFO] PluginManager:220 - loadIPPluginJar : add ipddr
2025-05-12 23:21:06,258 [INFO] IPUIPlugin:80 - create IPUIPlugin
2025-05-12 23:21:06,258 [INFO] PluginManager:220 - loadIPPluginJar : add linkedlist
2025-05-12 23:21:06,387 [INFO] IPUIPlugin:80 - create IPUIPlugin
2025-05-12 23:21:06,387 [INFO] PluginManager:220 - loadIPPluginJar : add lorawan
2025-05-12 23:21:06,526 [INFO] IPUIPlugin:80 - create IPUIPlugin
2025-05-12 23:21:06,529 [INFO] PluginManager:220 - loadIPPluginJar : add ltdc
2025-05-12 23:21:06,797 [INFO] IPUIPlugin:80 - create IPUIPlugin
2025-05-12 23:21:06,797 [INFO] PluginManager:220 - loadIPPluginJar : add mdma
2025-05-12 23:21:06,845 [INFO] IPUIPlugin:80 - create IPUIPlugin
2025-05-12 23:21:06,846 [INFO] PluginManager:220 - loadIPPluginJar : add nvic
2025-05-12 23:21:07,007 [INFO] IPUIPlugin:80 - create IPUIPlugin
2025-05-12 23:21:07,007 [INFO] PluginManager:220 - loadIPPluginJar : add opamp
2025-05-12 23:21:07,320 [INFO] IPUIPlugin:80 - create IPUIPlugin
2025-05-12 23:21:07,321 [INFO] PluginManager:220 - loadIPPluginJar : add openamp
2025-05-12 23:21:07,537 [INFO] IPUIPlugin:80 - create IPUIPlugin
2025-05-12 23:21:07,537 [INFO] PluginManager:220 - loadIPPluginJar : add pdm2pcm
2025-05-12 23:21:07,578 [INFO] IPUIPlugin:80 - create IPUIPlugin
2025-05-12 23:21:07,586 [INFO] PluginManager:220 - loadIPPluginJar : add plateformsettings
2025-05-12 23:21:07,676 [INFO] IPUIPlugin:80 - create IPUIPlugin
2025-05-12 23:21:07,676 [INFO] PluginManager:220 - loadIPPluginJar : add quadspi
2025-05-12 23:21:07,867 [INFO] ThirdPartyUpdaterWithRetryManager:70 - Updater plugin not ready yet. [4/15]
2025-05-12 23:21:07,913 [INFO] IPUIPlugin:80 - create IPUIPlugin
2025-05-12 23:21:07,917 [INFO] PluginManager:220 - loadIPPluginJar : add radio
2025-05-12 23:21:08,010 [INFO] IPUIPlugin:80 - create IPUIPlugin
2025-05-12 23:21:08,010 [INFO] PluginManager:220 - loadIPPluginJar : add resmgrutility
2025-05-12 23:21:08,201 [INFO] IPUIPlugin:80 - create IPUIPlugin
2025-05-12 23:21:08,201 [INFO] PluginManager:220 - loadIPPluginJar : add sai
2025-05-12 23:21:08,357 [INFO] IPUIPlugin:80 - create IPUIPlugin
2025-05-12 23:21:08,358 [INFO] PluginManager:220 - loadIPPluginJar : add spi
2025-05-12 23:21:08,636 [INFO] IPUIPlugin:80 - create IPUIPlugin
2025-05-12 23:21:08,636 [INFO] PluginManager:220 - loadIPPluginJar : add stm32_wpan
2025-05-12 23:21:08,825 [INFO] IPUIPlugin:80 - create IPUIPlugin
2025-05-12 23:21:08,825 [INFO] PluginManager:220 - loadIPPluginJar : add tim
2025-05-12 23:21:09,058 [INFO] IPUIPlugin:80 - create IPUIPlugin
2025-05-12 23:21:09,059 [INFO] PluginManager:220 - loadIPPluginJar : add touchsensing
2025-05-12 23:21:09,154 [INFO] IPUIPlugin:80 - create IPUIPlugin
2025-05-12 23:21:09,156 [INFO] PluginManager:220 - loadIPPluginJar : add tracer_emb
2025-05-12 23:21:09,523 [INFO] IPUIPlugin:80 - create IPUIPlugin
2025-05-12 23:21:09,524 [INFO] PluginManager:220 - loadIPPluginJar : add ts
2025-05-12 23:21:09,912 [INFO] IPUIPlugin:80 - create IPUIPlugin
2025-05-12 23:21:09,913 [INFO] PluginManager:220 - loadIPPluginJar : add tsc
2025-05-12 23:21:09,999 [INFO] IPUIPlugin:80 - create IPUIPlugin
2025-05-12 23:21:09,999 [INFO] PluginManager:220 - loadIPPluginJar : add ucpd
2025-05-12 23:21:10,245 [INFO] IPUIPlugin:80 - create IPUIPlugin
2025-05-12 23:21:10,245 [INFO] PluginManager:220 - loadIPPluginJar : add usart
2025-05-12 23:21:10,410 [INFO] IPUIPlugin:80 - create IPUIPlugin
2025-05-12 23:21:10,410 [INFO] PluginManager:220 - loadIPPluginJar : add usbx
2025-05-12 23:21:10,668 [FATAL] Updater:351 - Updater called before beeing initialized
2025-05-12 23:21:10,878 [INFO] RulesReader:64 - Compatibility file has been processed (301 Rules)
2025-05-12 23:21:10,893 [INFO] ThirdPartyUpdaterWithRetryManager:70 - Updater plugin not ready yet. [5/15]
2025-05-12 23:21:10,905 [INFO] RulesReader:64 - Compatibility file has been processed (301 Rules)
2025-05-12 23:21:11,014 [INFO] CADModel:165 - CPN selected for project level
2025-05-12 23:21:11,014 [INFO] CADModel:114 - Register for checkConnection events
2025-05-12 23:21:11,015 [FATAL] Updater:351 - Updater called before beeing initialized
2025-05-12 23:21:11,015 [ERROR] CADModel:125 - Updater not yet initialized, retry later 
2025-05-12 23:21:11,473 [FATAL] Updater:351 - Updater called before beeing initialized
2025-05-12 23:21:11,478 [INFO] CADModel:165 - CPN selected for project level
2025-05-12 23:21:11,478 [INFO] CADModel:114 - Register for checkConnection events
2025-05-12 23:21:11,478 [FATAL] Updater:351 - Updater called before beeing initialized
2025-05-12 23:21:11,478 [ERROR] CADModel:125 - Updater not yet initialized, retry later 
2025-05-12 23:21:11,485 [FATAL] Updater:351 - Updater called before beeing initialized
2025-05-12 23:21:11,863 [FATAL] Updater:351 - Updater called before beeing initialized
2025-05-12 23:21:11,886 [INFO] DbMcusAds:53 - JSON generation date=Thu Sep 30 03:55:09 CLST 2021 (1632984909247)
2025-05-12 23:21:11,891 [FATAL] Updater:351 - Updater called before beeing initialized
2025-05-12 23:21:12,016 [WARN] DetailPanel:346 - Failed to get advertising image, set to default
2025-05-12 23:21:12,583 [FATAL] Updater:351 - Updater called before beeing initialized
2025-05-12 23:21:12,587 [FATAL] Updater:351 - Updater called before beeing initialized
2025-05-12 23:21:12,587 [FATAL] Updater:351 - Updater called before beeing initialized
2025-05-12 23:21:12,587 [WARN] DetailPanel:346 - Failed to get advertising image, set to default
2025-05-12 23:21:12,590 [FATAL] Updater:351 - Updater called before beeing initialized
2025-05-12 23:21:12,715 [ERROR] Updater:1198 - MainUpdater not yet initialized. External WinMGr cannot be set.
2025-05-12 23:21:12,741 [INFO] Updater:1134 - Updater Version found : 6.14.0
2025-05-12 23:21:12,777 [INFO] ApplicationProperties:184 - Using Application install path: C:\ST\STM32CubeIDE_1.13.1\STM32CubeIDE\plugins\com.st.stm32cube.common.mx_6.14.0.202502271554
2025-05-12 23:21:13,894 [FATAL] Updater:351 - Updater called before beeing initialized
2025-05-12 23:21:13,895 [ERROR] IntegrityCheckThread:130 - Cannot retrieve database content from updater: error 21
2025-05-12 23:21:13,895 [INFO] ThirdParty:978 - Integrity check success = false
2025-05-12 23:21:13,895 [INFO] IntegrityCheckThread:100 - exiting critical section [integrity check]
2025-05-12 23:21:13,895 [INFO] IntegrityCheckThread:103 - End integrity checks thread
2025-05-12 23:21:14,383 [ERROR] LogOutputStream:75 - [STDERR_REDIRECT] May 12, 2025 11:21:14 PM java.util.prefs.WindowsPreferences <init>
2025-05-12 23:21:14,385 [ERROR] LogOutputStream:75 - [STDERR_REDIRECT] WARNING: Could not open/create prefs root node Software\JavaSoft\Prefs at root 0xffffffff80000002. Windows RegCreateKeyEx(...) returned error code 5.
2025-05-12 23:21:14,385 [ERROR] LogOutputStream:75 - [STDERR_REDIRECT] 
2025-05-12 23:21:15,976 [INFO] MainUpdater:2872 - connection check result : 10
2025-05-12 23:21:15,978 [INFO] MainUpdater:3566 - Updater definition file requires update
2025-05-12 23:21:15,979 [INFO] MainUpdater:289 - Updater Check For Update Now.
2025-05-12 23:21:15,979 [INFO] MicroXplorer:498 - Change Database Version : DB.6.0.140
2025-05-12 23:21:16,014 [INFO] McuFinderGlobals:63 - Set McuFinder mode to 2 (CubeIDE integrated)
2025-05-12 23:21:16,028 [INFO] UserAuth:486 - Internet connection configuration mode: 1
2025-05-12 23:21:16,070 [INFO] JxBrowserEngine:152 - Initiate JxBrowser Engine with user profile folder
2025-05-12 23:21:16,080 [INFO] ServerAccessManage:473 - Download File updaters.zip
2025-05-12 23:21:16,268 [INFO] FileExtend:242 - Unzip File : updaters.zip
2025-05-12 23:21:16,268 [INFO] FileExtend:257 - Standard Zip Deflate
2025-05-12 23:21:18,732 [INFO] ServerAccessManage:473 - Download File PacksControlFlags.xml
2025-05-12 23:21:18,915 [INFO] ServerAccessManage:473 - Download File cubemx.pidx
2025-05-12 23:21:20,214 [INFO] WebApp:169 - Instantiating new browser for Auth
2025-05-12 23:21:21,075 [INFO] ServerAccessManage:473 - Download File STMicroelectronics.X-CUBE-FREERTOS.pdsc
2025-05-12 23:21:22,113 [INFO] WebApp:463 - Apply proxy settings
2025-05-12 23:21:22,114 [INFO] WebApp:548 - Chromium requires no authentication
2025-05-12 23:21:22,130 [INFO] WebApp:491 - Direct internet connection detected
2025-05-12 23:21:22,183 [INFO] WebApp:894 - Register for checkConnection events
2025-05-12 23:21:22,184 [INFO] WebApp:463 - Apply proxy settings
2025-05-12 23:21:22,184 [INFO] WebApp:548 - Chromium requires no authentication
2025-05-12 23:21:22,184 [INFO] WebApp:491 - Direct internet connection detected
2025-05-12 23:21:22,370 [INFO] ServerAccessManage:473 - Download File STMicroelectronics.X-CUBE-NFC7.pdsc
2025-05-12 23:21:22,517 [INFO] WebApp:191 - Connection restablished
2025-05-12 23:21:22,618 [INFO] WebApp:225 - Starting web application
2025-05-12 23:21:22,618 [INFO] WebApp:593 - Web application path used C:\ST\STM32CubeIDE_1.13.1\STM32CubeIDE\plugins\com.st.stm32cube.common.mx_6.14.0.202502271554\db\plugins\mcufinder\reactClient1\index.html
2025-05-12 23:21:23,470 [INFO] UserAuth:486 - Internet connection configuration mode: 1
2025-05-12 23:21:25,646 [WARN] PackLoader:240 - Cannot read IP mode file for STMicroelectronics.X-CUBE-FREERTOS.1.3.1
2025-05-12 23:21:25,936 [WARN] PackLoader:240 - Cannot read IP mode file for STMicroelectronics.X-CUBE-NFC7.2.0.0
2025-05-12 23:21:25,949 [INFO] PopulateThirdPartyThread:66 - Ending populate Thread
2025-05-12 23:21:25,950 [INFO] ThirdParty:1030 - CMSIS Pack Vendor :STMicroelectronics X-CUBE-FREERTOS 1.3.1
2025-05-12 23:21:25,951 [INFO] ThirdParty:1030 - CMSIS Pack Vendor :STMicroelectronics X-CUBE-NFC7 2.0.0
2025-05-12 23:21:25,951 [INFO] LoadServerUpdatesThread:375 - End of LoadServerUpdate Thread
2025-05-12 23:21:26,006 [INFO] CheckServerUpdateThread:120 - End of CheckServer Thread
2025-05-12 23:29:47,016 [ERROR] LogOutputStream:75 - [STDERR_REDIRECT] 
2025-05-12 23:29:47,017 [ERROR] LogOutputStream:75 - [STDERR_REDIRECT] 
