2025-04-24 09:38:57,475 [INFO] WebApp:194 - Connection lost
2025-04-24 09:39:13,129 [INFO] WebApp:191 - Connection restablished
2025-04-24 09:39:13,549 [INFO] WebApp:194 - Connection lost
2025-04-24 09:39:13,930 [INFO] WebApp:191 - Connection restablished
2025-04-24 09:39:16,745 [INFO] WebApp:194 - Connection lost
2025-04-24 09:39:17,009 [INFO] WebApp:191 - Connection restablished
2025-04-24 09:39:24,217 [INFO] WebApp:194 - Connection lost
2025-04-24 09:39:24,411 [INFO] WebApp:191 - Connection restablished
2025-04-24 09:39:30,652 [INFO] WebApp:194 - Connection lost
2025-04-24 09:39:30,871 [INFO] WebApp:191 - Connection restablished
2025-04-24 09:40:50,685 [INFO] WebApp:194 - Connection lost
2025-04-24 09:40:50,862 [INFO] WebApp:191 - Connection restablished
2025-04-24 11:05:18,237 [INFO] WebApp:194 - Connection lost
2025-04-24 11:08:13,052 [INFO] WebApp:191 - Connection restablished
2025-04-24 11:08:13,868 [INFO] WebApp:194 - Connection lost
2025-04-24 11:08:14,127 [INFO] WebApp:191 - Connection restablished
2025-04-24 11:08:17,153 [INFO] WebApp:194 - Connection lost
2025-04-24 11:08:17,404 [INFO] WebApp:191 - Connection restablished
2025-04-24 11:33:53,738 [INFO] WebApp:194 - Connection lost
2025-04-24 11:34:05,876 [INFO] WebApp:191 - Connection restablished
2025-04-24 11:34:18,193 [INFO] WebApp:194 - Connection lost
2025-04-24 11:34:18,373 [INFO] WebApp:191 - Connection restablished
2025-04-24 11:37:15,239 [INFO] WebApp:194 - Connection lost
2025-04-24 11:37:15,552 [INFO] WebApp:191 - Connection restablished
2025-04-24 11:44:12,183 [INFO] WebApp:194 - Connection lost
2025-04-24 11:44:12,425 [INFO] WebApp:191 - Connection restablished
2025-04-24 11:45:01,675 [INFO] WebApp:194 - Connection lost
2025-04-24 11:45:01,965 [INFO] WebApp:191 - Connection restablished
2025-04-24 11:46:12,873 [INFO] MainUpdater:2872 - connection check result : 10
2025-04-24 11:46:12,874 [INFO] MainUpdater:2872 - connection check result : 10
2025-04-24 11:46:13,041 [INFO] MicroXplorer:468 - Change Database Path : 
2025-04-24 11:46:13,042 [INFO] MicroXplorer:498 - Change Database Version : DB.6.0.140
2025-04-24 11:46:13,279 [ERROR] ProjectManagerView:394 - 
java.lang.NullPointerException: Cannot invoke "javax.swing.JTextField.getText()" because the return value of "java.util.List.get(int)" is null
	at com.st.microxplorer.plugins.projectmanager.gui.ProjectChoiceTab$9.caretUpdate(ProjectChoiceTab.java:2678) ~[filemanager.jar:?]
	at javax.swing.text.JTextComponent.fireCaretUpdate(JTextComponent.java:408) ~[?:?]
	at javax.swing.text.JTextComponent$MutableCaretEvent.fire(JTextComponent.java:4484) ~[?:?]
	at javax.swing.text.JTextComponent$MutableCaretEvent.stateChanged(JTextComponent.java:4506) ~[?:?]
	at javax.swing.text.DefaultCaret.fireStateChanged(DefaultCaret.java:857) ~[?:?]
	at javax.swing.text.DefaultCaret.changeCaretPosition(DefaultCaret.java:1343) ~[?:?]
	at javax.swing.text.DefaultCaret.handleSetDot(DefaultCaret.java:1242) ~[?:?]
	at javax.swing.text.DefaultCaret.setDot(DefaultCaret.java:1223) ~[?:?]
	at javax.swing.text.DefaultCaret$Handler.insertUpdate(DefaultCaret.java:1819) ~[?:?]
	at javax.swing.text.AbstractDocument.fireInsertUpdate(AbstractDocument.java:227) ~[?:?]
	at javax.swing.text.AbstractDocument.handleInsertString(AbstractDocument.java:781) ~[?:?]
	at javax.swing.text.AbstractDocument.insertString(AbstractDocument.java:740) ~[?:?]
	at javax.swing.text.PlainDocument.insertString(PlainDocument.java:131) ~[?:?]
	at javax.swing.text.AbstractDocument.replace(AbstractDocument.java:699) ~[?:?]
	at javax.swing.text.JTextComponent.setText(JTextComponent.java:1725) ~[?:?]
	at com.st.microxplorer.plugins.projectmanager.gui.ProjectChoiceTab.createHeapStackFields(ProjectChoiceTab.java:979) ~[filemanager.jar:?]
	at com.st.microxplorer.plugins.projectmanager.gui.ProjectChoiceTab.buildLinkSettingsPanel(ProjectChoiceTab.java:3766) ~[filemanager.jar:?]
	at com.st.microxplorer.plugins.projectmanager.gui.ProjectChoiceTab.defineWindowsFields(ProjectChoiceTab.java:1962) ~[filemanager.jar:?]
	at com.st.microxplorer.plugins.projectmanager.gui.ProjectChoiceTab.updateSettings(ProjectChoiceTab.java:555) ~[filemanager.jar:?]
	at com.st.microxplorer.plugins.projectmanager.gui.ProjectSettingsPanel.UpdateDialog(ProjectSettingsPanel.java:245) ~[filemanager.jar:?]
	at com.st.microxplorer.plugins.projectmanager.ProjectManagerView.propertyChange(ProjectManagerView.java:391) ~[filemanager.jar:?]
	at java.beans.PropertyChangeSupport.fire(PropertyChangeSupport.java:343) ~[?:?]
	at java.beans.PropertyChangeSupport.firePropertyChange(PropertyChangeSupport.java:335) ~[?:?]
	at java.beans.PropertyChangeSupport.firePropertyChange(PropertyChangeSupport.java:268) ~[?:?]
	at com.st.microxplorer.util.MXPropertyChangeSupport.firePropertyChange(MXPropertyChangeSupport.java:54) ~[STM32CubeMX.jar:?]
	at com.st.microxplorer.mxsystem.MxSystem.closeConfig(MxSystem.java:899) ~[STM32CubeMX.jar:?]
	at com.st.microxplorer.maingui.MainPanel.closeConfig(MainPanel.java:789) ~[STM32CubeMX.jar:?]
	at com.st.microxplorer.plugins.filemanager.engine.OpenFileManager.loadConfigurationFile(OpenFileManager.java:287) ~[filemanager.jar:?]
	at com.st.microxplorer.plugins.filemanager.engine.MainFileManager.userLoadConfig(MainFileManager.java:341) ~[filemanager.jar:?]
	at com.st.microxplorer.plugins.filemanager.engine.MainFileManager.userLoadConfig(MainFileManager.java:319) ~[filemanager.jar:?]
	at com.st.microxplorer.plugins.filemanager.FileManagerView.getSpecificTask(FileManagerView.java:246) ~[filemanager.jar:?]
	at com.st.stm32cube.common.mx.editor.CubeMxEditor.getMxTabbedPaneInstance(CubeMxEditor.java:1198) ~[com.st.stm32cube.common.mx_6.14.0.202502271554/:?]
	at com.st.stm32cube.common.mx.editor.CubeMxEditor$12$1.createSwingComponent(CubeMxEditor.java:1068) ~[com.st.stm32cube.common.mx_6.14.0.202502271554/:?]
	at com.st.stm32cube.common.mx.oss.core.awtswtbridge.EmbeddedSwingComposite.doComponentCreation(EmbeddedSwingComposite.java:492) ~[com.st.stm32cube.common.mx.oss_6.14.0.202502271554/:?]
	at com.st.stm32cube.common.mx.oss.core.awtswtbridge.EmbeddedSwingComposite$4.run(EmbeddedSwingComposite.java:291) ~[com.st.stm32cube.common.mx.oss_6.14.0.202502271554/:?]
	at com.st.stm32cube.common.mx.oss.core.awtswtbridge.AwtEnvironment$2.run(AwtEnvironment.java:166) ~[com.st.stm32cube.common.mx.oss_6.14.0.202502271554/:?]
	at java.awt.event.InvocationEvent.dispatch(InvocationEvent.java:318) ~[?:?]
	at java.awt.EventQueue.dispatchEventImpl(EventQueue.java:773) ~[?:?]
	at java.awt.EventQueue$4.run(EventQueue.java:720) ~[?:?]
	at java.awt.EventQueue$4.run(EventQueue.java:714) ~[?:?]
	at java.security.AccessController.doPrivileged(AccessController.java:400) ~[?:?]
	at java.security.ProtectionDomain$JavaSecurityAccessImpl.doIntersectionPrivilege(ProtectionDomain.java:87) ~[?:?]
	at java.awt.EventQueue.dispatchEvent(EventQueue.java:742) ~[?:?]
	at java.awt.EventDispatchThread.pumpOneEventForFilters(EventDispatchThread.java:203) ~[?:?]
	at java.awt.EventDispatchThread.pumpEventsForFilter(EventDispatchThread.java:124) ~[?:?]
	at java.awt.EventDispatchThread.pumpEventsForHierarchy(EventDispatchThread.java:113) ~[?:?]
	at java.awt.EventDispatchThread.pumpEvents(EventDispatchThread.java:109) ~[?:?]
	at java.awt.EventDispatchThread.pumpEvents(EventDispatchThread.java:101) ~[?:?]
	at java.awt.EventDispatchThread.run(EventDispatchThread.java:90) ~[?:?]
2025-04-24 11:46:13,284 [WARN] ThirdParty:871 - waiting for thirdparty lock release [close project]
2025-04-24 11:46:13,287 [INFO] ThirdParty:873 - entering critical section [close project]
2025-04-24 11:46:13,288 [INFO] ThirdParty:883 - exiting critical section [close project]
2025-04-24 11:46:13,296 [INFO] PinOutPanel:1589 - setPackage(No Configuration,No Configuration)
2025-04-24 11:46:13,328 [INFO] UtilMem:75 - Begin LoadConfig() Used Memory: 892129496 Bytes (1073741824)
2025-04-24 11:46:13,331 [INFO] MicroXplorer:468 - Change Database Path : 
2025-04-24 11:46:13,332 [INFO] MicroXplorer:498 - Change Database Version : DB.6.0.140
2025-04-24 11:46:13,332 [INFO] OpenFileManager:354 - Change cursor
2025-04-24 11:46:18,324 [INFO] RulesReader:64 - Compatibility file has been processed (301 Rules)
2025-04-24 11:46:18,377 [INFO] Mcu:2011 - Initializing MCU STM32L476R(C-E-G)Tx STM32L476RGTx STM32L476RGT3
2025-04-24 11:46:25,124 [INFO] Context:756 - Trying to add GPIOservice into a context  which must be forbidden
2025-04-24 11:46:27,201 [ERROR] Mcu:908 - ThirdParty IPModes/IPconfigs doesn't exist for :C:/Users/danie/.stm32cubemx/plugins/thirdparty/db//STMicroelectronics/X-CUBE-MEMS1/11.1.0/STMicroelectronics.X-CUBE-MEMS1.11.1.0_Modes.xml
2025-04-24 11:46:27,201 [ERROR] Mcu:6485 - ThirdParty IPModes/IPconfigs doesn't exist for :STMicroelectronics.X-CUBE-MEMS1.11.1.0
2025-04-24 11:46:27,207 [INFO] ImportTextPane:218 - (OptionalMessage_ERROR) Pin25 (VP_STMicroelectronics.X-CUBE-MEMS1_VS_BoardOoPartJjAccGyr_5.6.0_11.1.0) cannot be retrieved for this MCU
2025-04-24 11:46:27,208 [INFO] ImportTextPane:218 - (OptionalMessage_ERROR) Pin26 (VP_RIF_VS_RIF1) cannot be retrieved for this MCU
2025-04-24 11:46:27,996 [INFO] RtosManager:558 - Registered RTOS mode: class=CMSIS, group=RTOS, mode=CMSIS_V1, owner=FREERTOS
2025-04-24 11:46:27,996 [INFO] RtosManager:558 - Registered RTOS mode: class=CMSIS, group=RTOS2, mode=CMSIS_V2, owner=FREERTOS
2025-04-24 11:46:27,996 [INFO] RtosManager:558 - Registered RTOS mode: class=RTOS, group=Core, mode=CMSIS_V1, owner=FREERTOS
2025-04-24 11:46:27,997 [INFO] RtosManager:558 - Registered RTOS mode: class=RTOS, group=Core, mode=CMSIS_V2, owner=FREERTOS
2025-04-24 11:46:27,997 [WARN] ModelIntegratedComponent:184 - Missing modes for component STMicroelectronics:FreeRTOS:0.0.1:STMicroelectronics:RTOS:FreeRTOS:Core:::10.2.0:
2025-04-24 11:46:28,011 [WARN] ModelIntegratedComponent:63 - No mode defined for component null
2025-04-24 11:46:28,013 [WARN] ModelIntegratedComponent:63 - No mode defined for component null
2025-04-24 11:46:28,013 [WARN] ModelIntegratedComponent:63 - No mode defined for component null
2025-04-24 11:46:28,013 [WARN] ModelIntegratedComponent:63 - No mode defined for component null
2025-04-24 11:46:28,013 [WARN] ModelIntegratedComponent:63 - No mode defined for component null
2025-04-24 11:46:28,013 [WARN] ModelIntegratedComponent:63 - No mode defined for component null
2025-04-24 11:46:28,013 [WARN] ModelIntegratedComponent:63 - No mode defined for component null
2025-04-24 11:46:28,013 [WARN] ModelIntegratedComponent:63 - No mode defined for component null
2025-04-24 11:46:28,013 [WARN] ModelIntegratedComponent:63 - No mode defined for component null
2025-04-24 11:46:28,013 [WARN] ModelIntegratedComponent:63 - No mode defined for component null
2025-04-24 11:46:28,013 [WARN] ModelIntegratedComponent:63 - No mode defined for component null
2025-04-24 11:46:28,013 [WARN] ModelIntegratedComponent:63 - No mode defined for component null
2025-04-24 11:46:28,013 [WARN] ModelIntegratedComponent:63 - No mode defined for component null
2025-04-24 11:46:28,013 [WARN] ModelIntegratedComponent:63 - No mode defined for component null
2025-04-24 11:46:28,013 [WARN] ModelIntegratedComponent:63 - No mode defined for component null
2025-04-24 11:46:28,013 [WARN] ModelIntegratedComponent:63 - No mode defined for component null
2025-04-24 11:46:28,013 [WARN] ModelIntegratedComponent:63 - No mode defined for component null
2025-04-24 11:46:28,013 [WARN] ModelIntegratedComponent:63 - No mode defined for component null
2025-04-24 11:46:28,013 [WARN] ModelIntegratedComponent:63 - No mode defined for component null
2025-04-24 11:46:28,013 [WARN] ModelIntegratedComponent:63 - No mode defined for component null
2025-04-24 11:46:28,013 [WARN] ModelIntegratedComponent:63 - No mode defined for component null
2025-04-24 11:46:28,013 [WARN] ModelIntegratedComponent:63 - No mode defined for component null
2025-04-24 11:46:28,013 [WARN] ModelIntegratedComponent:63 - No mode defined for component null
2025-04-24 11:46:28,013 [WARN] ModelIntegratedComponent:63 - No mode defined for component null
2025-04-24 11:46:28,013 [WARN] ModelIntegratedComponent:63 - No mode defined for component null
2025-04-24 11:46:28,013 [WARN] ModelIntegratedComponent:63 - No mode defined for component null
2025-04-24 11:46:28,013 [WARN] ModelIntegratedComponent:63 - No mode defined for component null
2025-04-24 11:46:28,014 [WARN] ModelIntegratedComponent:63 - No mode defined for component null
2025-04-24 11:46:28,014 [WARN] ModelIntegratedComponent:63 - No mode defined for component null
2025-04-24 11:46:28,014 [WARN] ModelIntegratedComponent:63 - No mode defined for component null
2025-04-24 11:46:28,014 [WARN] ModelIntegratedComponent:63 - No mode defined for component null
2025-04-24 11:46:28,014 [WARN] ModelIntegratedComponent:63 - No mode defined for component null
2025-04-24 11:46:28,014 [WARN] ModelIntegratedComponent:63 - No mode defined for component null
2025-04-24 11:46:28,014 [WARN] ModelIntegratedComponent:63 - No mode defined for component null
2025-04-24 11:46:28,014 [WARN] ModelIntegratedComponent:63 - No mode defined for component null
2025-04-24 11:46:28,014 [WARN] ModelPack:524 - Component already loaded: STMicroelectronics:HAL Drivers:0.0.0:STMicroelectronics:Device:STMicro_Driver:XSPI:HAL::0.0.1:HAL_XSPI
2025-04-24 11:46:28,597 [INFO] ThirdPartyModel:298 - Start build external matchings
2025-04-24 11:46:31,541 [INFO] ThirdPartyModel:316 - End build external matchings
2025-04-24 11:46:31,648 [INFO] ImportTextPane:218 - (OptionalMessage_ERROR) IP (DMA) : Parameter (Instance) has Id (DAC_CH1) currently not set
2025-04-24 11:46:31,648 [INFO] ImportTextPane:218 - (OptionalMessage_ERROR) IP (DMA) : Parameter (Request) has Id (DAC_CH1) currently not set
2025-04-24 11:46:31,648 [INFO] ImportTextPane:218 - (OptionalMessage_ERROR) IP (DMA) : Parameter (Direction) has Id (DAC_CH1) currently not set
2025-04-24 11:46:31,649 [INFO] ImportTextPane:218 - (OptionalMessage_ERROR) IP (DMA) : Parameter (PeriphInc) has Id (DAC_CH1) currently not set
2025-04-24 11:46:31,649 [INFO] ImportTextPane:218 - (OptionalMessage_ERROR) IP (DMA) : Parameter (MemInc) has Id (DAC_CH1) currently not set
2025-04-24 11:46:31,649 [INFO] ImportTextPane:218 - (OptionalMessage_ERROR) IP (DMA) : Parameter (PeriphDataAlignment) has Id (DAC_CH1) currently not set
2025-04-24 11:46:31,650 [INFO] ImportTextPane:218 - (OptionalMessage_ERROR) IP (DMA) : Parameter (MemDataAlignment) has Id (DAC_CH1) currently not set
2025-04-24 11:46:31,651 [INFO] ImportTextPane:218 - (OptionalMessage_ERROR) IP (DMA) : Parameter (Mode) has Id (DAC_CH1) currently not set
2025-04-24 11:46:31,651 [INFO] ImportTextPane:218 - (OptionalMessage_ERROR) IP (DMA) : Parameter (Priority) has Id (DAC_CH1) currently not set
2025-04-24 11:46:31,651 [INFO] ImportTextPane:218 - (OptionalMessage_ERROR) IP (DMA) : Parameter (Instance) has Id (SPI2_TX) currently not set
2025-04-24 11:46:31,651 [INFO] ImportTextPane:218 - (OptionalMessage_ERROR) IP (DMA) : Parameter (Request) has Id (SPI2_TX) currently not set
2025-04-24 11:46:31,651 [INFO] ImportTextPane:218 - (OptionalMessage_ERROR) IP (DMA) : Parameter (Direction) has Id (SPI2_TX) currently not set
2025-04-24 11:46:31,651 [INFO] ImportTextPane:218 - (OptionalMessage_ERROR) IP (DMA) : Parameter (PeriphInc) has Id (SPI2_TX) currently not set
2025-04-24 11:46:31,651 [INFO] ImportTextPane:218 - (OptionalMessage_ERROR) IP (DMA) : Parameter (MemInc) has Id (SPI2_TX) currently not set
2025-04-24 11:46:31,652 [INFO] ImportTextPane:218 - (OptionalMessage_ERROR) IP (DMA) : Parameter (PeriphDataAlignment) has Id (SPI2_TX) currently not set
2025-04-24 11:46:31,654 [INFO] ImportTextPane:218 - (OptionalMessage_ERROR) IP (DMA) : Parameter (MemDataAlignment) has Id (SPI2_TX) currently not set
2025-04-24 11:46:31,654 [INFO] ImportTextPane:218 - (OptionalMessage_ERROR) IP (DMA) : Parameter (Mode) has Id (SPI2_TX) currently not set
2025-04-24 11:46:31,654 [INFO] ImportTextPane:218 - (OptionalMessage_ERROR) IP (DMA) : Parameter (Priority) has Id (SPI2_TX) currently not set
2025-04-24 11:46:31,654 [INFO] ImportTextPane:218 - (OptionalMessage_ERROR) IP (DMA) : Parameter (Instance) has Id (SPI3_RX) currently not set
2025-04-24 11:46:31,654 [INFO] ImportTextPane:218 - (OptionalMessage_ERROR) IP (DMA) : Parameter (Request) has Id (SPI3_RX) currently not set
2025-04-24 11:46:31,654 [INFO] ImportTextPane:218 - (OptionalMessage_ERROR) IP (DMA) : Parameter (Direction) has Id (SPI3_RX) currently not set
2025-04-24 11:46:31,655 [INFO] ImportTextPane:218 - (OptionalMessage_ERROR) IP (DMA) : Parameter (PeriphInc) has Id (SPI3_RX) currently not set
2025-04-24 11:46:31,655 [INFO] ImportTextPane:218 - (OptionalMessage_ERROR) IP (DMA) : Parameter (MemInc) has Id (SPI3_RX) currently not set
2025-04-24 11:46:31,655 [INFO] ImportTextPane:218 - (OptionalMessage_ERROR) IP (DMA) : Parameter (PeriphDataAlignment) has Id (SPI3_RX) currently not set
2025-04-24 11:46:31,655 [INFO] ImportTextPane:218 - (OptionalMessage_ERROR) IP (DMA) : Parameter (MemDataAlignment) has Id (SPI3_RX) currently not set
2025-04-24 11:46:31,655 [INFO] ImportTextPane:218 - (OptionalMessage_ERROR) IP (DMA) : Parameter (Mode) has Id (SPI3_RX) currently not set
2025-04-24 11:46:31,655 [INFO] ImportTextPane:218 - (OptionalMessage_ERROR) IP (DMA) : Parameter (Priority) has Id (SPI3_RX) currently not set
2025-04-24 11:46:31,655 [INFO] ImportTextPane:218 - (OptionalMessage_ERROR) IP (DMA) : Parameter (Instance) has Id (MEMTOMEM1) currently not set
2025-04-24 11:46:31,655 [INFO] ImportTextPane:218 - (OptionalMessage_ERROR) IP (DMA) : Parameter (Direction) has Id (MEMTOMEM1) currently not set
2025-04-24 11:46:31,655 [INFO] ImportTextPane:218 - (OptionalMessage_ERROR) IP (DMA) : Parameter (PeriphInc) has Id (MEMTOMEM1) currently not set
2025-04-24 11:46:31,655 [INFO] ImportTextPane:218 - (OptionalMessage_ERROR) IP (DMA) : Parameter (MemInc) has Id (MEMTOMEM1) currently not set
2025-04-24 11:46:31,655 [INFO] ImportTextPane:218 - (OptionalMessage_ERROR) IP (DMA) : Parameter (PeriphDataAlignment) has Id (MEMTOMEM1) currently not set
2025-04-24 11:46:31,655 [INFO] ImportTextPane:218 - (OptionalMessage_ERROR) IP (DMA) : Parameter (MemDataAlignment) has Id (MEMTOMEM1) currently not set
2025-04-24 11:46:31,656 [INFO] ImportTextPane:218 - (OptionalMessage_ERROR) IP (DMA) : Parameter (Mode) has Id (MEMTOMEM1) currently not set
2025-04-24 11:46:31,656 [INFO] ImportTextPane:218 - (OptionalMessage_ERROR) IP (DMA) : Parameter (Priority) has Id (MEMTOMEM1) currently not set
2025-04-24 11:46:31,656 [INFO] ImportTextPane:218 - (OptionalMessage_ERROR) IP (DMA) : Parameter (Instance) has Id (SPI3_TX) currently not set
2025-04-24 11:46:31,656 [INFO] ImportTextPane:218 - (OptionalMessage_ERROR) IP (DMA) : Parameter (Request) has Id (SPI3_TX) currently not set
2025-04-24 11:46:31,656 [INFO] ImportTextPane:218 - (OptionalMessage_ERROR) IP (DMA) : Parameter (Direction) has Id (SPI3_TX) currently not set
2025-04-24 11:46:31,656 [INFO] ImportTextPane:218 - (OptionalMessage_ERROR) IP (DMA) : Parameter (PeriphInc) has Id (SPI3_TX) currently not set
2025-04-24 11:46:31,656 [INFO] ImportTextPane:218 - (OptionalMessage_ERROR) IP (DMA) : Parameter (MemInc) has Id (SPI3_TX) currently not set
2025-04-24 11:46:31,656 [INFO] ImportTextPane:218 - (OptionalMessage_ERROR) IP (DMA) : Parameter (PeriphDataAlignment) has Id (SPI3_TX) currently not set
2025-04-24 11:46:31,656 [INFO] ImportTextPane:218 - (OptionalMessage_ERROR) IP (DMA) : Parameter (MemDataAlignment) has Id (SPI3_TX) currently not set
2025-04-24 11:46:31,656 [INFO] ImportTextPane:218 - (OptionalMessage_ERROR) IP (DMA) : Parameter (Mode) has Id (SPI3_TX) currently not set
2025-04-24 11:46:31,656 [INFO] ImportTextPane:218 - (OptionalMessage_ERROR) IP (DMA) : Parameter (Priority) has Id (SPI3_TX) currently not set
2025-04-24 11:46:31,659 [INFO] ImportTextPane:218 - (OptionalMessage_ERROR) IP (RCC) : Invalid parameter (FamilyName)
2025-04-24 11:46:31,661 [INFO] ImportTextPane:218 - (OptionalMessage_ERROR) IP (RCC) : Parameter (RNGFreq_Value) has invalid value (64000000)
2025-04-24 11:46:31,661 [INFO] ImportTextPane:218 - (OptionalMessage_ERROR) IP (RCC) : Parameter (SDMMCFreq_Value) has invalid value (64000000)
2025-04-24 11:46:31,661 [INFO] ImportTextPane:218 - (OptionalMessage_ERROR) IP (RCC) : Parameter (USBFreq_Value) has invalid value (64000000)
2025-04-24 11:46:34,624 [INFO] UtilMem:75 - End LoadConfig() Used Memory: 820765512 Bytes (1073741824)
2025-04-24 11:46:34,840 [WARN] ThirdParty:833 - waiting for thirdparty lock release [change project]
2025-04-24 11:46:34,841 [INFO] ThirdParty:835 - entering critical section [change project]
2025-04-24 11:46:34,841 [INFO] ThirdParty:1030 - CMSIS Pack Vendor :STMicroelectronics USBPD 4.1
2025-04-24 11:46:34,842 [INFO] ThirdParty:1030 - CMSIS Pack Vendor :STMicroelectronics X-CUBE-GNSS1 6.0.0
2025-04-24 11:46:34,842 [INFO] ThirdParty:1030 - CMSIS Pack Vendor :STMicroelectronics USB_HOST 2.0.0
2025-04-24 11:46:34,842 [INFO] ThirdParty:1030 - CMSIS Pack Vendor :STMicroelectronics FP-SNS-MOTENVWB1 1.4.0
2025-04-24 11:46:34,842 [INFO] ThirdParty:1030 - CMSIS Pack Vendor :STMicroelectronics X-CUBE-AZRTOS-F4 1.1.0
2025-04-24 11:46:34,842 [INFO] ThirdParty:1030 - CMSIS Pack Vendor :STMicroelectronics LIBJPEG 8.0.0
2025-04-24 11:46:34,842 [INFO] ThirdParty:1030 - CMSIS Pack Vendor :STMicroelectronics FP-ATR-ASTRA1 2.0.2
2025-04-24 11:46:34,842 [INFO] ThirdParty:1030 - CMSIS Pack Vendor :wolfSSL I-CUBE-wolfSSL 5.6.3
2025-04-24 11:46:34,843 [INFO] ThirdParty:1030 - CMSIS Pack Vendor :Avnet-IotConnect X-CUBE-IoTC-DA16k-PMOD 1.0.0
2025-04-24 11:46:34,843 [INFO] ThirdParty:1030 - CMSIS Pack Vendor :STMicroelectronics X-CUBE-SMBUS 2.1.0
2025-04-24 11:46:34,843 [INFO] ThirdParty:1030 - CMSIS Pack Vendor :STMicroelectronics X-CUBE-WB05N 1.1.0
2025-04-24 11:46:34,843 [INFO] ThirdParty:1030 - CMSIS Pack Vendor :STMicroelectronics X-CUBE-ISPU 2.1.0
2025-04-24 11:46:34,843 [INFO] ThirdParty:1030 - CMSIS Pack Vendor :STMicroelectronics X-CUBE-AZRTOS-F7 1.1.0
2025-04-24 11:46:34,843 [INFO] ThirdParty:1030 - CMSIS Pack Vendor :STMicroelectronics X-CUBE-AZRTOS-L5 2.0.0
2025-04-24 11:46:34,843 [INFO] ThirdParty:1030 - CMSIS Pack Vendor :STMicroelectronics USB_DEVICE 2.0.0
2025-04-24 11:46:34,843 [INFO] ThirdParty:1030 - CMSIS Pack Vendor :STMicroelectronics X-CUBE-MEMS1 9.6.0
2025-04-24 11:46:34,843 [INFO] ThirdParty:1030 - CMSIS Pack Vendor :STMicroelectronics X-CUBE-EEPRMA1 4.2.0
2025-04-24 11:46:34,843 [INFO] ThirdParty:1030 - CMSIS Pack Vendor :STMicroelectronics X-CUBE-NFC6 3.1.0
2025-04-24 11:46:34,843 [INFO] ThirdParty:1030 - CMSIS Pack Vendor :ITTIA_DB I-CUBE-ITTIADB 8.8.0
2025-04-24 11:46:34,843 [INFO] ThirdParty:1030 - CMSIS Pack Vendor :STMicroelectronics FP-SNS-MOTENV1 4.3.2
2025-04-24 11:46:34,843 [INFO] ThirdParty:1030 - CMSIS Pack Vendor :STMicroelectronics FreeRTOS 0.0.1
2025-04-24 11:46:34,843 [INFO] ThirdParty:1030 - CMSIS Pack Vendor :STMicroelectronics X-CUBE-BLEMGR 2.0.0
2025-04-24 11:46:34,843 [INFO] ThirdParty:1030 - CMSIS Pack Vendor :STMicroelectronics X-CUBE-DPower 1.2.0
2025-04-24 11:46:34,843 [INFO] ThirdParty:1030 - CMSIS Pack Vendor :STMicroelectronics FP-SNS-FLIGHT1 5.0.2
2025-04-24 11:46:34,843 [INFO] ThirdParty:1030 - CMSIS Pack Vendor :STMicroelectronics X-CUBE-AZRTOS-H7 3.1.0
2025-04-24 11:46:34,843 [INFO] ThirdParty:1030 - CMSIS Pack Vendor :STMicroelectronics PDM2PCM 3.3.0
2025-04-24 11:46:34,844 [INFO] ThirdParty:1030 - CMSIS Pack Vendor :STMicroelectronics X-CUBE-DISPLAY 3.0.0
2025-04-24 11:46:34,844 [INFO] ThirdParty:1030 - CMSIS Pack Vendor :STMicroelectronics X-CUBE-BLE1 7.0.0
2025-04-24 11:46:34,844 [INFO] ThirdParty:1030 - CMSIS Pack Vendor :STMicroelectronics X-CUBE-NFC10 1.0.0
2025-04-24 11:46:34,844 [INFO] ThirdParty:1030 - CMSIS Pack Vendor :STMicroelectronics X-CUBE-BLEMGR 4.0.0
2025-04-24 11:46:34,844 [INFO] ThirdParty:1030 - CMSIS Pack Vendor :STMicroelectronics HAL Drivers 0.0.0
2025-04-24 11:46:34,844 [INFO] ThirdParty:1030 - CMSIS Pack Vendor :emotas I-CUBE-CANOPEN 1.3.0
2025-04-24 11:46:34,844 [INFO] ThirdParty:1030 - CMSIS Pack Vendor :STMicroelectronics X-CUBE-FREERTOS 1.3.0
2025-04-24 11:46:34,844 [INFO] ThirdParty:1030 - CMSIS Pack Vendor :STMicroelectronics X-CUBE-TOUCHGFX 4.22.0
2025-04-24 11:46:34,844 [INFO] ThirdParty:1030 - CMSIS Pack Vendor :STMicroelectronics X-CUBE-NFC7 1.0.1
2025-04-24 11:46:34,844 [INFO] ThirdParty:1030 - CMSIS Pack Vendor :STMicroelectronics MBEDTLS 2.14.1
2025-04-24 11:46:34,844 [INFO] ThirdParty:1030 - CMSIS Pack Vendor :STMicroelectronics X-CUBE-TOUCHGFX 4.22.1
2025-04-24 11:46:34,844 [INFO] ThirdParty:1030 - CMSIS Pack Vendor :STMicroelectronics X-CUBE-NFC6 3.0.0
2025-04-24 11:46:34,844 [INFO] ThirdParty:1030 - CMSIS Pack Vendor :STMicroelectronics X-CUBE-EEPRMA1 4.1.0
2025-04-24 11:46:34,844 [INFO] ThirdParty:1030 - CMSIS Pack Vendor :quantropi X-CUBE-qispace-sdk-base 2.0.0
2025-04-24 11:46:34,844 [INFO] ThirdParty:1030 - CMSIS Pack Vendor :STMicroelectronics X-CUBE-AI 10.0.0
2025-04-24 11:46:34,844 [INFO] ThirdParty:1030 - CMSIS Pack Vendor :STMicroelectronics FP-SNS-SMARTAG2 1.2.0
2025-04-24 11:46:34,844 [INFO] ThirdParty:1030 - CMSIS Pack Vendor :STMicroelectronics FP-SNS-FLIGHT1 5.1.0
2025-04-24 11:46:34,844 [INFO] ThirdParty:1030 - CMSIS Pack Vendor :STMicroelectronics X-CUBE-MEMS1 11.1.0
2025-04-24 11:46:34,845 [INFO] ThirdParty:1030 - CMSIS Pack Vendor :STMicroelectronics X-CUBE-AZRTOS-WL 2.0.0
2025-04-24 11:46:34,845 [INFO] ThirdParty:1030 - CMSIS Pack Vendor :STMicroelectronics X-CUBE-DPower 1.3.0
2025-04-24 11:46:34,845 [INFO] ThirdParty:1030 - CMSIS Pack Vendor :STMicroelectronics FP-SNS-MOTENV1 5.0.0
2025-04-24 11:46:34,845 [INFO] ThirdParty:1030 - CMSIS Pack Vendor :STMicroelectronics USB_DEVICE 1.0.0
2025-04-24 11:46:34,845 [INFO] ThirdParty:1030 - CMSIS Pack Vendor :STMicroelectronics X-CUBE-AI 8.1.0
2025-04-24 11:46:34,845 [INFO] ThirdParty:1030 - CMSIS Pack Vendor :STMicroelectronics X-CUBE-AZRTOS-L4 2.0.0
2025-04-24 11:46:34,845 [INFO] ThirdParty:1030 - CMSIS Pack Vendor :STMicroelectronics ThreadX 0.0.2
2025-04-24 11:46:34,845 [INFO] ThirdParty:1030 - CMSIS Pack Vendor :WES I-CUBE-Cesium 1.3.0
2025-04-24 11:46:34,845 [INFO] ThirdParty:1030 - CMSIS Pack Vendor :STMicroelectronics lwIP 2.1.2
2025-04-24 11:46:34,845 [INFO] ThirdParty:1030 - CMSIS Pack Vendor :STMicroelectronics X-CUBE-SFXS2LP1 4.0.0
2025-04-24 11:46:34,845 [INFO] ThirdParty:1030 - CMSIS Pack Vendor :STMicroelectronics X-CUBE-BLE2 3.3.0
2025-04-24 11:46:34,845 [INFO] ThirdParty:1030 - CMSIS Pack Vendor :STMicroelectronics PDM2PCM 3.2.0
2025-04-24 11:46:34,845 [INFO] ThirdParty:1030 - CMSIS Pack Vendor :STMicroelectronics X-CUBE-ISPU 1.1.0
2025-04-24 11:46:34,845 [INFO] ThirdParty:1030 - CMSIS Pack Vendor :STMicroelectronics X-CUBE-AZRTOS-H7 3.3.0
2025-04-24 11:46:34,845 [INFO] ThirdParty:1030 - CMSIS Pack Vendor :STMicroelectronics X-CUBE-NFC9 1.0.0
2025-04-24 11:46:34,845 [INFO] ThirdParty:1030 - CMSIS Pack Vendor :STMicroelectronics X-CUBE-BLE1 7.1.0
2025-04-24 11:46:34,845 [INFO] ThirdParty:1030 - CMSIS Pack Vendor :wolfSSL I-CUBE-wolfMQTT 1.19.2
2025-04-24 11:46:34,845 [INFO] ThirdParty:1030 - CMSIS Pack Vendor :STMicroelectronics USB_DEVICE 3.0.0
2025-04-24 11:46:34,845 [INFO] ThirdParty:1030 - CMSIS Pack Vendor :STMicroelectronics X-CUBE-AZRTOS-WB 2.0.0
2025-04-24 11:46:34,845 [INFO] ThirdParty:1030 - CMSIS Pack Vendor :STMicroelectronics X-CUBE-FREERTOS 1.0.1
2025-04-24 11:46:34,845 [INFO] ThirdParty:1030 - CMSIS Pack Vendor :STMicroelectronics X-CUBE-GNSS1 7.0.1
2025-04-24 11:46:34,845 [INFO] ThirdParty:1030 - CMSIS Pack Vendor :STMicroelectronics X-CUBE-TOUCHGFX 4.25.0
2025-04-24 11:46:34,845 [INFO] ThirdParty:1030 - CMSIS Pack Vendor :STMicroelectronics FP-SNS-STBOX1 2.0.0
2025-04-24 11:46:34,845 [INFO] ThirdParty:1030 - CMSIS Pack Vendor :STMicroelectronics X-CUBE-ALGOBUILD 1.3.0
2025-04-24 11:46:34,845 [INFO] ThirdParty:1030 - CMSIS Pack Vendor :STMicroelectronics X-CUBE-MEMS1 11.2.0
2025-04-24 11:46:34,845 [INFO] ThirdParty:1030 - CMSIS Pack Vendor :STMicroelectronics X-CUBE-AZRTOS-G0 1.1.0
2025-04-24 11:46:34,845 [INFO] ThirdParty:1030 - CMSIS Pack Vendor :STMicroelectronics X-CUBE-SAFEA1 1.2.2
2025-04-24 11:46:34,845 [INFO] ThirdParty:1030 - CMSIS Pack Vendor :STMicroelectronics X-CUBE-NFC4 3.0.0
2025-04-24 11:46:34,845 [INFO] ThirdParty:1030 - CMSIS Pack Vendor :STMicroelectronics X-CUBE-SUBG2 5.0.0
2025-04-24 11:46:34,845 [INFO] ThirdParty:1030 - CMSIS Pack Vendor :STMicroelectronics X-CUBE-AZRTOS-H7RS 1.1.0
2025-04-24 11:46:34,845 [INFO] ThirdParty:1030 - CMSIS Pack Vendor :STMicroelectronics STM32_WPAN 1.0.0
2025-04-24 11:46:34,845 [INFO] ThirdParty:1030 - CMSIS Pack Vendor :EmbeddedOffice I-CUBE-FS-RTOS 1.0.1
2025-04-24 11:46:34,845 [INFO] ThirdParty:1030 - CMSIS Pack Vendor :STMicroelectronics lwIP 2.0.3
2025-04-24 11:46:34,845 [INFO] ThirdParty:1030 - CMSIS Pack Vendor :Cesanta I-CUBE-Mongoose 7.13.0
2025-04-24 11:46:34,847 [INFO] ThirdParty:1030 - CMSIS Pack Vendor :STMicroelectronics USB_HOST 1.0.0
2025-04-24 11:46:34,847 [INFO] ThirdParty:1030 - CMSIS Pack Vendor :STMicroelectronics X-CUBE-TOF1 3.3.1
2025-04-24 11:46:34,847 [INFO] ThirdParty:1030 - CMSIS Pack Vendor :STMicroelectronics X-CUBE-AZRTOS-G4 2.0.0
2025-04-24 11:46:34,847 [INFO] ThirdParty:1030 - CMSIS Pack Vendor :STMicroelectronics X-CUBE-WB05N 2.0.0
2025-04-24 11:46:34,847 [INFO] ThirdParty:1030 - CMSIS Pack Vendor :STMicroelectronics PDM2PCM 3.1.0
2025-04-24 11:46:34,847 [INFO] ThirdParty:1030 - CMSIS Pack Vendor :Infineon AIROC-Wi-Fi-Bluetooth-STM32 1.5.1
2025-04-24 11:46:34,847 [INFO] ThirdParty:1030 - CMSIS Pack Vendor :STMicroelectronics X-CUBE-BLEMGR 3.0.0
2025-04-24 11:46:34,847 [INFO] ThirdParty:1030 - CMSIS Pack Vendor :wolfSSL I-CUBE-wolfTPM 3.8.0
2025-04-24 11:46:34,847 [INFO] ThirdParty:1030 - CMSIS Pack Vendor :wolfSSL I-CUBE-wolfSSH 1.4.20
2025-04-24 11:46:34,847 [INFO] ThirdParty:1030 - CMSIS Pack Vendor :STMicroelectronics FP-SNS-MOTENVWB1 1.3.0
2025-04-24 11:46:34,847 [INFO] ThirdParty:1030 - CMSIS Pack Vendor :STMicroelectronics X-CUBE-TCPP 4.2.0
2025-04-24 11:46:34,847 [INFO] ThirdParty:1030 - CMSIS Pack Vendor :RealThread X-CUBE-RT-Thread_Nano 4.1.1
2025-04-24 11:46:34,847 [INFO] ThirdParty:1030 - CMSIS Pack Vendor :STMicroelectronics FP-ATR-SIGFOX1 3.2.0
2025-04-24 11:46:34,847 [INFO] ThirdParty:1030 - CMSIS Pack Vendor :STMicroelectronics X-CUBE-EEPRMA1 5.1.0
2025-04-24 11:46:34,847 [INFO] ThirdParty:1030 - CMSIS Pack Vendor :STMicroelectronics MBEDTLS 2.16.2
2025-04-24 11:46:34,847 [INFO] ThirdParty:1030 - CMSIS Pack Vendor :STMicroelectronics X-CUBE-IPS 3.1.0
2025-04-24 11:46:34,847 [INFO] ThirdParty:1030 - CMSIS Pack Vendor :STMicroelectronics X-CUBE-ALS 1.0.2
2025-04-24 11:46:34,847 [INFO] ThirdParty:1030 - CMSIS Pack Vendor :STMicroelectronics X-CUBE-MEMS1 10.0.0
2025-04-24 11:46:34,847 [INFO] ThirdParty:1030 - CMSIS Pack Vendor :STMicroelectronics X-CUBE-FREERTOS 1.1.0
2025-04-24 11:46:34,847 [INFO] ThirdParty:1030 - CMSIS Pack Vendor :portGmbH I-Cube-SoM-uGOAL 1.1.0
2025-04-24 11:46:34,847 [INFO] ThirdParty:1030 - CMSIS Pack Vendor :STMicroelectronics X-CUBE-ALS 1.0.1
2025-04-24 11:46:34,847 [INFO] ThirdParty:1030 - CMSIS Pack Vendor :STMicroelectronics ThreadX 1.0.0
2025-04-24 11:46:34,847 [INFO] ThirdParty:1030 - CMSIS Pack Vendor :SEGGER I-CUBE-embOS 1.3.1
2025-04-24 11:46:34,847 [INFO] ThirdParty:1030 - CMSIS Pack Vendor :STMicroelectronics X-CUBE-ALGOBUILD 1.4.0
2025-04-24 11:46:34,847 [INFO] ThirdParty:1030 - CMSIS Pack Vendor :STMicroelectronics FP-ATR-ASTRA1 2.0.0
2025-04-24 11:46:34,847 [INFO] ThirdParty:1030 - CMSIS Pack Vendor :STMicroelectronics X-CUBE-TOF1 3.4.2
2025-04-24 11:46:34,847 [INFO] ThirdParty:1030 - CMSIS Pack Vendor :STMicroelectronics X-CUBE-TOF1 3.4.3
2025-04-24 11:46:34,848 [INFO] ThirdParty:841 - exiting critical section [change project]
2025-04-24 11:46:36,182 [INFO] PinOutPanel:1589 - setPackage(No Configuration,No Configuration)
2025-04-24 11:46:36,195 [INFO] PinOutPanel:1589 - setPackage(STM32L476RGTx,LQFP64)
2025-04-24 11:46:37,939 [INFO] UtilMem:75 - Before build in PCC Used Memory: 749890592 Bytes (1073741824)
2025-04-24 11:46:39,044 [INFO] UtilMem:75 - After build in PCC Used Memory: 832201760 Bytes (1073741824)
2025-04-24 11:46:39,079 [INFO] ApiDbMcu:508 - Load IP Config File for FATFS
2025-04-24 11:46:39,143 [INFO] IPUIPlugin:80 - create IPUIPlugin
2025-04-24 11:46:39,143 [INFO] IPUIPlugin:80 - create IPUIPlugin
2025-04-24 11:46:39,143 [INFO] IPUIPlugin:80 - create IPUIPlugin
2025-04-24 11:46:39,144 [INFO] IPUIPlugin:80 - create IPUIPlugin
2025-04-24 11:46:39,144 [INFO] IPUIPlugin:80 - create IPUIPlugin
2025-04-24 11:46:39,144 [INFO] IPUIPlugin:80 - create IPUIPlugin
2025-04-24 11:46:39,144 [INFO] IPUIPlugin:80 - create IPUIPlugin
2025-04-24 11:46:39,144 [INFO] IPUIPlugin:80 - create IPUIPlugin
2025-04-24 11:46:39,145 [INFO] IPUIPlugin:80 - create IPUIPlugin
2025-04-24 11:46:39,145 [INFO] IPUIPlugin:80 - create IPUIPlugin
2025-04-24 11:46:39,145 [INFO] IPUIPlugin:80 - create IPUIPlugin
2025-04-24 11:46:39,145 [INFO] IPUIPlugin:80 - create IPUIPlugin
2025-04-24 11:46:39,146 [INFO] IPUIPlugin:80 - create IPUIPlugin
2025-04-24 11:46:39,146 [INFO] IPUIPlugin:80 - create IPUIPlugin
2025-04-24 11:46:39,146 [INFO] IPUIPlugin:80 - create IPUIPlugin
2025-04-24 11:46:39,146 [INFO] IPUIPlugin:80 - create IPUIPlugin
2025-04-24 11:46:39,147 [INFO] IPUIPlugin:80 - create IPUIPlugin
2025-04-24 11:46:39,147 [INFO] IPUIPlugin:80 - create IPUIPlugin
2025-04-24 11:46:39,148 [INFO] IPUIPlugin:80 - create IPUIPlugin
2025-04-24 11:46:39,148 [INFO] IPUIPlugin:80 - create IPUIPlugin
2025-04-24 11:46:39,148 [INFO] IPUIPlugin:80 - create IPUIPlugin
2025-04-24 11:46:39,149 [INFO] IPUIPlugin:80 - create IPUIPlugin
2025-04-24 11:46:39,149 [INFO] IPUIPlugin:80 - create IPUIPlugin
2025-04-24 11:46:39,150 [INFO] IPUIPlugin:80 - create IPUIPlugin
2025-04-24 11:46:39,150 [INFO] IPUIPlugin:80 - create IPUIPlugin
2025-04-24 11:46:39,151 [INFO] IPUIPlugin:80 - create IPUIPlugin
2025-04-24 11:46:39,152 [INFO] IPUIPlugin:80 - create IPUIPlugin
2025-04-24 11:46:39,153 [INFO] IPUIPlugin:80 - create IPUIPlugin
2025-04-24 11:46:39,154 [INFO] IPUIPlugin:80 - create IPUIPlugin
2025-04-24 11:46:39,155 [INFO] IPUIPlugin:80 - create IPUIPlugin
2025-04-24 11:46:39,155 [INFO] IPUIPlugin:80 - create IPUIPlugin
2025-04-24 11:46:39,156 [INFO] IPUIPlugin:80 - create IPUIPlugin
2025-04-24 11:46:39,156 [INFO] IPUIPlugin:80 - create IPUIPlugin
2025-04-24 11:46:39,156 [INFO] IPUIPlugin:80 - create IPUIPlugin
2025-04-24 11:46:39,157 [INFO] IPUIPlugin:80 - create IPUIPlugin
2025-04-24 11:46:39,157 [INFO] IPUIPlugin:80 - create IPUIPlugin
2025-04-24 11:46:39,157 [INFO] IPUIPlugin:80 - create IPUIPlugin
2025-04-24 11:46:39,157 [INFO] IPUIPlugin:80 - create IPUIPlugin
2025-04-24 11:46:39,158 [INFO] IPUIPlugin:80 - create IPUIPlugin
2025-04-24 11:46:39,158 [INFO] IPUIPlugin:80 - create IPUIPlugin
2025-04-24 11:46:39,158 [INFO] IPUIPlugin:80 - create IPUIPlugin
2025-04-24 11:46:39,159 [INFO] IPUIPlugin:80 - create IPUIPlugin
2025-04-24 11:46:39,159 [INFO] IPUIPlugin:80 - create IPUIPlugin
2025-04-24 11:46:39,159 [INFO] IPUIPlugin:80 - create IPUIPlugin
2025-04-24 11:46:39,159 [INFO] IPUIPlugin:80 - create IPUIPlugin
2025-04-24 11:46:39,160 [INFO] IPUIPlugin:80 - create IPUIPlugin
2025-04-24 11:46:39,160 [INFO] IPUIPlugin:80 - create IPUIPlugin
2025-04-24 11:46:39,161 [INFO] IPUIPlugin:80 - create IPUIPlugin
2025-04-24 11:46:39,162 [INFO] IPUIPlugin:80 - create IPUIPlugin
2025-04-24 11:46:39,162 [INFO] IPUIPlugin:80 - create IPUIPlugin
2025-04-24 11:46:39,163 [INFO] IPUIPlugin:80 - create IPUIPlugin
2025-04-24 11:46:39,164 [INFO] IPUIPlugin:80 - create IPUIPlugin
2025-04-24 11:46:39,164 [INFO] IPUIPlugin:80 - create IPUIPlugin
2025-04-24 11:46:39,165 [INFO] IPUIPlugin:80 - create IPUIPlugin
2025-04-24 11:46:39,165 [INFO] IPUIPlugin:80 - create IPUIPlugin
2025-04-24 11:46:39,170 [INFO] IPUIPlugin:80 - create IPUIPlugin
2025-04-24 11:46:39,172 [INFO] IPUIPlugin:80 - create IPUIPlugin
2025-04-24 11:46:39,173 [INFO] IPUIPlugin:80 - create IPUIPlugin
2025-04-24 11:46:39,173 [INFO] IPUIPlugin:80 - create IPUIPlugin
2025-04-24 11:46:39,443 [INFO] CADModel:165 - CPN selected for project levelSTM32L476RGT3
2025-04-24 11:46:39,443 [INFO] CADModel:114 - Register for checkConnection events
2025-04-24 11:46:39,626 [INFO] OpenFileManager:385 - Restore cursor
